This is XeTeX, Version 3.14159265-2.6-0.999991 (TeX Live 2019/Debian) (preloaded format=xelatex 2023.6.1)  5 JUL 2023 14:54
entering extended mode
 restricted \write18 enabled.
 %&-line parsing enabled.
**b.tex
(./b.tex
LaTeX2e <2020-02-02> patch level 2
L3 programming layer <2020-02-14>
(/usr/share/texlive/texmf-dist/tex/latex/base/article.cls
Document Class: article 2019/12/20 v1.4l Standard LaTeX document class
(/usr/share/texlive/texmf-dist/tex/latex/base/size10.clo
File: size10.clo 2019/12/20 v1.4l Standard LaTeX file (size option)
)
\c@part=\count163
\c@section=\count164
\c@subsection=\count165
\c@subsubsection=\count166
\c@paragraph=\count167
\c@subparagraph=\count168
\c@figure=\count169
\c@table=\count170
\abovecaptionskip=\skip47
\belowcaptionskip=\skip48
\bibindent=\dimen134
)
(/usr/share/texlive/texmf-dist/tex/latex/graphics/graphicx.sty
Package: graphicx 2019/11/30 v1.2a Enhanced LaTeX Graphics (DPC,SPQR)

(/usr/share/texlive/texmf-dist/tex/latex/graphics/keyval.sty
Package: keyval 2014/10/28 v1.15 key=value parser (DPC)
\KV@toks@=\toks14
)
(/usr/share/texlive/texmf-dist/tex/latex/graphics/graphics.sty
Package: graphics 2019/11/30 v1.4a Standard LaTeX Graphics (DPC,SPQR)

(/usr/share/texlive/texmf-dist/tex/latex/graphics/trig.sty
Package: trig 2016/01/03 v1.10 sin cos tan (DPC)
)
(/usr/share/texlive/texmf-dist/tex/latex/graphics-cfg/graphics.cfg
File: graphics.cfg 2016/06/04 v1.11 sample graphics configuration
)
Package graphics Info: Driver file: xetex.def on input line 105.

(/usr/share/texlive/texmf-dist/tex/latex/graphics-def/xetex.def
File: xetex.def 2017/06/24 v5.0h Graphics/color driver for xetex
))
\Gin@req@height=\dimen135
\Gin@req@width=\dimen136
)
(/usr/share/texlive/texmf-dist/tex/latex/caption/caption.sty
Package: caption 2020/01/03 v3.4h Customizing captions (AR)

(/usr/share/texlive/texmf-dist/tex/latex/caption/caption3.sty
Package: caption3 2020/01/03 v1.8h caption3 kernel (AR)
Package caption3 Info: TeX engine: e-TeX on input line 61.
\captionmargin=\dimen137
\captionmargin@=\dimen138
\captionwidth=\dimen139
\caption@tempdima=\dimen140
\caption@indent=\dimen141
\caption@parindent=\dimen142
\caption@hangindent=\dimen143
Package caption Info: Standard document class detected.
)
\c@caption@flags=\count171
\c@continuedfloat=\count172
)
(/usr/share/texlive/texmf-dist/tex/latex/caption/subcaption.sty
Package: subcaption 2020/01/22 v1.3d Sub-captions (AR)
\c@subfigure=\count173
\c@subtable=\count174
)
(/usr/share/texlive/texmf-dist/tex/latex/pgf/frontendlayer/tikz.sty
(/usr/share/texlive/texmf-dist/tex/latex/pgf/basiclayer/pgf.sty
(/usr/share/texlive/texmf-dist/tex/latex/pgf/utilities/pgfrcs.sty
(/usr/share/texlive/texmf-dist/tex/generic/pgf/utilities/pgfutil-common.tex
\pgfutil@everybye=\toks15
\pgfutil@tempdima=\dimen144
\pgfutil@tempdimb=\dimen145

(/usr/share/texlive/texmf-dist/tex/generic/pgf/utilities/pgfutil-common-lists.t
ex)) (/usr/share/texlive/texmf-dist/tex/generic/pgf/utilities/pgfutil-latex.def
\pgfutil@abb=\box45
(/usr/share/texlive/texmf-dist/tex/latex/ms/everyshi.sty
Package: everyshi 2001/05/15 v3.00 EveryShipout Package (MS)
))
(/usr/share/texlive/texmf-dist/tex/generic/pgf/utilities/pgfrcs.code.tex
(/usr/share/texlive/texmf-dist/tex/generic/pgf/pgf.revision.tex)
Package: pgfrcs 2020/01/08 v3.1.5b (3.1.5b)
))
Package: pgf 2020/01/08 v3.1.5b (3.1.5b)

(/usr/share/texlive/texmf-dist/tex/latex/pgf/basiclayer/pgfcore.sty
(/usr/share/texlive/texmf-dist/tex/latex/pgf/systemlayer/pgfsys.sty
(/usr/share/texlive/texmf-dist/tex/generic/pgf/systemlayer/pgfsys.code.tex
Package: pgfsys 2020/01/08 v3.1.5b (3.1.5b)

(/usr/share/texlive/texmf-dist/tex/generic/pgf/utilities/pgfkeys.code.tex
\pgfkeys@pathtoks=\toks16
\pgfkeys@temptoks=\toks17

(/usr/share/texlive/texmf-dist/tex/generic/pgf/utilities/pgfkeysfiltered.code.t
ex
\pgfkeys@tmptoks=\toks18
))
\pgf@x=\dimen146
\pgf@y=\dimen147
\pgf@xa=\dimen148
\pgf@ya=\dimen149
\pgf@xb=\dimen150
\pgf@yb=\dimen151
\pgf@xc=\dimen152
\pgf@yc=\dimen153
\pgf@xd=\dimen154
\pgf@yd=\dimen155
\w@pgf@writea=\write3
\r@pgf@reada=\read2
\c@pgf@counta=\count175
\c@pgf@countb=\count176
\c@pgf@countc=\count177
\c@pgf@countd=\count178
\t@pgf@toka=\toks19
\t@pgf@tokb=\toks20
\t@pgf@tokc=\toks21
\pgf@sys@id@count=\count179
 (/usr/share/texlive/texmf-dist/tex/generic/pgf/systemlayer/pgf.cfg
File: pgf.cfg 2020/01/08 v3.1.5b (3.1.5b)
)
Driver file for pgf: pgfsys-xetex.def

(/usr/share/texlive/texmf-dist/tex/generic/pgf/systemlayer/pgfsys-xetex.def
File: pgfsys-xetex.def 2020/01/08 v3.1.5b (3.1.5b)

(/usr/share/texlive/texmf-dist/tex/generic/pgf/systemlayer/pgfsys-dvipdfmx.def
File: pgfsys-dvipdfmx.def 2020/01/08 v3.1.5b (3.1.5b)

(/usr/share/texlive/texmf-dist/tex/generic/pgf/systemlayer/pgfsys-common-pdf.de
f
File: pgfsys-common-pdf.def 2020/01/08 v3.1.5b (3.1.5b)
)
\pgfsys@objnum=\count180
)))
(/usr/share/texlive/texmf-dist/tex/generic/pgf/systemlayer/pgfsyssoftpath.code.
tex
File: pgfsyssoftpath.code.tex 2020/01/08 v3.1.5b (3.1.5b)
\pgfsyssoftpath@smallbuffer@items=\count181
\pgfsyssoftpath@bigbuffer@items=\count182
)
(/usr/share/texlive/texmf-dist/tex/generic/pgf/systemlayer/pgfsysprotocol.code.
tex
File: pgfsysprotocol.code.tex 2020/01/08 v3.1.5b (3.1.5b)
)) (/usr/share/texlive/texmf-dist/tex/latex/xcolor/xcolor.sty
Package: xcolor 2021/10/31 v2.13 LaTeX color extensions (UK)

(/usr/share/texlive/texmf-dist/tex/latex/graphics-cfg/color.cfg
File: color.cfg 2016/01/02 v1.6 sample color configuration
)
Package xcolor Info: Driver file: xetex.def on input line 227.
Package xcolor Info: Model `cmy' substituted by `cmy0' on input line 1352.
Package xcolor Info: Model `RGB' extended on input line 1368.
Package xcolor Info: Model `HTML' substituted by `rgb' on input line 1370.
Package xcolor Info: Model `Hsb' substituted by `hsb' on input line 1371.
Package xcolor Info: Model `tHsb' substituted by `hsb' on input line 1372.
Package xcolor Info: Model `HSB' substituted by `hsb' on input line 1373.
Package xcolor Info: Model `Gray' substituted by `gray' on input line 1374.
Package xcolor Info: Model `wave' substituted by `hsb' on input line 1375.
)
(/usr/share/texlive/texmf-dist/tex/generic/pgf/basiclayer/pgfcore.code.tex
Package: pgfcore 2020/01/08 v3.1.5b (3.1.5b)

(/usr/share/texlive/texmf-dist/tex/generic/pgf/math/pgfmath.code.tex
(/usr/share/texlive/texmf-dist/tex/generic/pgf/math/pgfmathcalc.code.tex
(/usr/share/texlive/texmf-dist/tex/generic/pgf/math/pgfmathutil.code.tex)
(/usr/share/texlive/texmf-dist/tex/generic/pgf/math/pgfmathparser.code.tex
\pgfmath@dimen=\dimen156
\pgfmath@count=\count183
\pgfmath@box=\box46
\pgfmath@toks=\toks22
\pgfmath@stack@operand=\toks23
\pgfmath@stack@operation=\toks24
)
(/usr/share/texlive/texmf-dist/tex/generic/pgf/math/pgfmathfunctions.code.tex
(/usr/share/texlive/texmf-dist/tex/generic/pgf/math/pgfmathfunctions.basic.code
.tex)
(/usr/share/texlive/texmf-dist/tex/generic/pgf/math/pgfmathfunctions.trigonomet
ric.code.tex)
(/usr/share/texlive/texmf-dist/tex/generic/pgf/math/pgfmathfunctions.random.cod
e.tex)
(/usr/share/texlive/texmf-dist/tex/generic/pgf/math/pgfmathfunctions.comparison
.code.tex)
(/usr/share/texlive/texmf-dist/tex/generic/pgf/math/pgfmathfunctions.base.code.
tex)
(/usr/share/texlive/texmf-dist/tex/generic/pgf/math/pgfmathfunctions.round.code
.tex)
(/usr/share/texlive/texmf-dist/tex/generic/pgf/math/pgfmathfunctions.misc.code.
tex)
(/usr/share/texlive/texmf-dist/tex/generic/pgf/math/pgfmathfunctions.integerari
thmetics.code.tex)))
(/usr/share/texlive/texmf-dist/tex/generic/pgf/math/pgfmathfloat.code.tex
\c@pgfmathroundto@lastzeros=\count184
))
(/usr/share/texlive/texmf-dist/tex/generic/pgf/math/pgfint.code.tex)
(/usr/share/texlive/texmf-dist/tex/generic/pgf/basiclayer/pgfcorepoints.code.te
x
File: pgfcorepoints.code.tex 2020/01/08 v3.1.5b (3.1.5b)
\pgf@picminx=\dimen157
\pgf@picmaxx=\dimen158
\pgf@picminy=\dimen159
\pgf@picmaxy=\dimen160
\pgf@pathminx=\dimen161
\pgf@pathmaxx=\dimen162
\pgf@pathminy=\dimen163
\pgf@pathmaxy=\dimen164
\pgf@xx=\dimen165
\pgf@xy=\dimen166
\pgf@yx=\dimen167
\pgf@yy=\dimen168
\pgf@zx=\dimen169
\pgf@zy=\dimen170
)
(/usr/share/texlive/texmf-dist/tex/generic/pgf/basiclayer/pgfcorepathconstruct.
code.tex
File: pgfcorepathconstruct.code.tex 2020/01/08 v3.1.5b (3.1.5b)
\pgf@path@lastx=\dimen171
\pgf@path@lasty=\dimen172
)
(/usr/share/texlive/texmf-dist/tex/generic/pgf/basiclayer/pgfcorepathusage.code
.tex
File: pgfcorepathusage.code.tex 2020/01/08 v3.1.5b (3.1.5b)
\pgf@shorten@end@additional=\dimen173
\pgf@shorten@start@additional=\dimen174
)
(/usr/share/texlive/texmf-dist/tex/generic/pgf/basiclayer/pgfcorescopes.code.te
x
File: pgfcorescopes.code.tex 2020/01/08 v3.1.5b (3.1.5b)
\pgfpic=\box47
\pgf@hbox=\box48
\pgf@layerbox@main=\box49
\pgf@picture@serial@count=\count185
)
(/usr/share/texlive/texmf-dist/tex/generic/pgf/basiclayer/pgfcoregraphicstate.c
ode.tex
File: pgfcoregraphicstate.code.tex 2020/01/08 v3.1.5b (3.1.5b)
\pgflinewidth=\dimen175
)
(/usr/share/texlive/texmf-dist/tex/generic/pgf/basiclayer/pgfcoretransformation
s.code.tex
File: pgfcoretransformations.code.tex 2020/01/08 v3.1.5b (3.1.5b)
\pgf@pt@x=\dimen176
\pgf@pt@y=\dimen177
\pgf@pt@temp=\dimen178
)
(/usr/share/texlive/texmf-dist/tex/generic/pgf/basiclayer/pgfcorequick.code.tex
File: pgfcorequick.code.tex 2020/01/08 v3.1.5b (3.1.5b)
)
(/usr/share/texlive/texmf-dist/tex/generic/pgf/basiclayer/pgfcoreobjects.code.t
ex
File: pgfcoreobjects.code.tex 2020/01/08 v3.1.5b (3.1.5b)
)
(/usr/share/texlive/texmf-dist/tex/generic/pgf/basiclayer/pgfcorepathprocessing
.code.tex
File: pgfcorepathprocessing.code.tex 2020/01/08 v3.1.5b (3.1.5b)
)
(/usr/share/texlive/texmf-dist/tex/generic/pgf/basiclayer/pgfcorearrows.code.te
x
File: pgfcorearrows.code.tex 2020/01/08 v3.1.5b (3.1.5b)
\pgfarrowsep=\dimen179
)
(/usr/share/texlive/texmf-dist/tex/generic/pgf/basiclayer/pgfcoreshade.code.tex
File: pgfcoreshade.code.tex 2020/01/08 v3.1.5b (3.1.5b)
\pgf@max=\dimen180
\pgf@sys@shading@range@num=\count186
\pgf@shadingcount=\count187
)
(/usr/share/texlive/texmf-dist/tex/generic/pgf/basiclayer/pgfcoreimage.code.tex
File: pgfcoreimage.code.tex 2020/01/08 v3.1.5b (3.1.5b)

(/usr/share/texlive/texmf-dist/tex/generic/pgf/basiclayer/pgfcoreexternal.code.
tex
File: pgfcoreexternal.code.tex 2020/01/08 v3.1.5b (3.1.5b)
\pgfexternal@startupbox=\box50
))
(/usr/share/texlive/texmf-dist/tex/generic/pgf/basiclayer/pgfcorelayers.code.te
x
File: pgfcorelayers.code.tex 2020/01/08 v3.1.5b (3.1.5b)
)
(/usr/share/texlive/texmf-dist/tex/generic/pgf/basiclayer/pgfcoretransparency.c
ode.tex
File: pgfcoretransparency.code.tex 2020/01/08 v3.1.5b (3.1.5b)
)
(/usr/share/texlive/texmf-dist/tex/generic/pgf/basiclayer/pgfcorepatterns.code.
tex
File: pgfcorepatterns.code.tex 2020/01/08 v3.1.5b (3.1.5b)
)
(/usr/share/texlive/texmf-dist/tex/generic/pgf/basiclayer/pgfcorerdf.code.tex
File: pgfcorerdf.code.tex 2020/01/08 v3.1.5b (3.1.5b)
)))
(/usr/share/texlive/texmf-dist/tex/generic/pgf/modules/pgfmoduleshapes.code.tex
File: pgfmoduleshapes.code.tex 2020/01/08 v3.1.5b (3.1.5b)
\pgfnodeparttextbox=\box51
) (/usr/share/texlive/texmf-dist/tex/generic/pgf/modules/pgfmoduleplot.code.tex
File: pgfmoduleplot.code.tex 2020/01/08 v3.1.5b (3.1.5b)
)
(/usr/share/texlive/texmf-dist/tex/latex/pgf/compatibility/pgfcomp-version-0-65
.sty
Package: pgfcomp-version-0-65 2020/01/08 v3.1.5b (3.1.5b)
\pgf@nodesepstart=\dimen181
\pgf@nodesepend=\dimen182
)
(/usr/share/texlive/texmf-dist/tex/latex/pgf/compatibility/pgfcomp-version-1-18
.sty
Package: pgfcomp-version-1-18 2020/01/08 v3.1.5b (3.1.5b)
)) (/usr/share/texlive/texmf-dist/tex/latex/pgf/utilities/pgffor.sty
(/usr/share/texlive/texmf-dist/tex/latex/pgf/utilities/pgfkeys.sty
(/usr/share/texlive/texmf-dist/tex/generic/pgf/utilities/pgfkeys.code.tex))
(/usr/share/texlive/texmf-dist/tex/latex/pgf/math/pgfmath.sty
(/usr/share/texlive/texmf-dist/tex/generic/pgf/math/pgfmath.code.tex))
(/usr/share/texlive/texmf-dist/tex/generic/pgf/utilities/pgffor.code.tex
Package: pgffor 2020/01/08 v3.1.5b (3.1.5b)

(/usr/share/texlive/texmf-dist/tex/generic/pgf/math/pgfmath.code.tex)
\pgffor@iter=\dimen183
\pgffor@skip=\dimen184
\pgffor@stack=\toks25
\pgffor@toks=\toks26
))
(/usr/share/texlive/texmf-dist/tex/generic/pgf/frontendlayer/tikz/tikz.code.tex
Package: tikz 2020/01/08 v3.1.5b (3.1.5b)

(/usr/share/texlive/texmf-dist/tex/generic/pgf/libraries/pgflibraryplothandlers
.code.tex
File: pgflibraryplothandlers.code.tex 2020/01/08 v3.1.5b (3.1.5b)
\pgf@plot@mark@count=\count188
\pgfplotmarksize=\dimen185
)
\tikz@lastx=\dimen186
\tikz@lasty=\dimen187
\tikz@lastxsaved=\dimen188
\tikz@lastysaved=\dimen189
\tikz@lastmovetox=\dimen190
\tikz@lastmovetoy=\dimen191
\tikzleveldistance=\dimen192
\tikzsiblingdistance=\dimen193
\tikz@figbox=\box52
\tikz@figbox@bg=\box53
\tikz@tempbox=\box54
\tikz@tempbox@bg=\box55
\tikztreelevel=\count189
\tikznumberofchildren=\count190
\tikznumberofcurrentchild=\count191
\tikz@fig@count=\count192

(/usr/share/texlive/texmf-dist/tex/generic/pgf/modules/pgfmodulematrix.code.tex
File: pgfmodulematrix.code.tex 2020/01/08 v3.1.5b (3.1.5b)
\pgfmatrixcurrentrow=\count193
\pgfmatrixcurrentcolumn=\count194
\pgf@matrix@numberofcolumns=\count195
)
\tikz@expandcount=\count196

(/usr/share/texlive/texmf-dist/tex/generic/pgf/frontendlayer/tikz/libraries/tik
zlibrarytopaths.code.tex
File: tikzlibrarytopaths.code.tex 2020/01/08 v3.1.5b (3.1.5b)
))) (/usr/share/texmf/tex/latex/CJK/CJKutf8.sty
Package: CJKutf8 2015/04/18 4.8.4

(/usr/share/texlive/texmf-dist/tex/generic/iftex/ifpdf.sty
Package: ifpdf 2019/10/25 v3.4 ifpdf legacy package. Use iftex instead.

(/usr/share/texlive/texmf-dist/tex/generic/iftex/iftex.sty
Package: iftex 2019/11/07 v1.0c TeX engine tests
))
(/usr/share/texlive/texmf-dist/tex/latex/base/inputenc.sty
Package: inputenc 2018/08/11 v1.3c Input encoding file
\inpenc@prehook=\toks27
\inpenc@posthook=\toks28


Package inputenc Warning: inputenc package ignored with utf8 based engines.

) (/usr/share/texmf/tex/latex/CJK/CJK.sty
Package: CJK 2015/04/18 4.8.4

(/usr/share/texmf/tex/latex/CJK/mule/MULEenc.sty
Package: MULEenc 2015/04/18 4.8.4
)
(/usr/share/texmf/tex/latex/CJK/CJK.enc
File: CJK.enc 2015/04/18 4.8.4
)
LaTeX Info: Redefining \selectfont on input line 755.
\CJK@indent=\box56
)
(/usr/share/texlive/texmf-dist/tex/latex/base/fontenc.sty
Package: fontenc 2020/02/11 v2.0o Standard LaTeX package
))
(/usr/share/texlive/texmf-dist/tex/latex/enumitem/enumitem.sty
Package: enumitem 2019/06/20 v3.9 Customized lists
\labelindent=\skip49
\enit@outerparindent=\dimen194
\enit@toks=\toks29
\enit@inbox=\box57
\enit@count@id=\count197
\enitdp@description=\count198
)
(/usr/share/texlive/texmf-dist/tex/latex/amsfonts/amsfonts.sty
Package: amsfonts 2013/01/14 v3.01 Basic AMSFonts support
\@emptytoks=\toks30
\symAMSa=\mathgroup4
\symAMSb=\mathgroup5
LaTeX Font Info:    Redeclaring math symbol \hbar on input line 98.
LaTeX Font Info:    Overwriting math alphabet `\mathfrak' in version `bold'
(Font)                  U/euf/m/n --> U/euf/b/n on input line 106.
)
(/usr/share/texlive/texmf-dist/tex/latex/setspace/setspace.sty
Package: setspace 2011/12/19 v6.7a set line spacing
)
(/usr/share/texlive/texmf-dist/tex/latex/geometry/geometry.sty
Package: geometry 2020/01/02 v5.9 Page Geometry

(/usr/share/texlive/texmf-dist/tex/generic/iftex/ifvtex.sty
Package: ifvtex 2019/10/25 v1.7 ifvtex legacy package. Use iftex instead.
)
\Gm@cnth=\count199
\Gm@cntv=\count266
\c@Gm@tempcnt=\count267
\Gm@bindingoffset=\dimen195
\Gm@wd@mp=\dimen196
\Gm@odd@mp=\dimen197
\Gm@even@mp=\dimen198
\Gm@layoutwidth=\dimen199
\Gm@layoutheight=\dimen256
\Gm@layouthoffset=\dimen257
\Gm@layoutvoffset=\dimen258
\Gm@dimlist=\toks31
)
(/usr/share/texlive/texmf-dist/tex/latex/placeins/placeins.sty
Package: placeins 2005/04/18  v 2.2
)
(/usr/share/texlive/texmf-dist/tex/latex/amsmath/amsmath.sty
Package: amsmath 2020/01/20 v2.17e AMS math features
\@mathmargin=\skip50

For additional information on amsmath, use the `?' option.
(/usr/share/texlive/texmf-dist/tex/latex/amsmath/amstext.sty
Package: amstext 2000/06/29 v2.01 AMS text

(/usr/share/texlive/texmf-dist/tex/latex/amsmath/amsgen.sty
File: amsgen.sty 1999/11/30 v2.0 generic functions
\@emptytoks=\toks32
\ex@=\dimen259
))
(/usr/share/texlive/texmf-dist/tex/latex/amsmath/amsbsy.sty
Package: amsbsy 1999/11/29 v1.2d Bold Symbols
\pmbraise@=\dimen260
)
(/usr/share/texlive/texmf-dist/tex/latex/amsmath/amsopn.sty
Package: amsopn 2016/03/08 v2.02 operator names
)
\inf@bad=\count268
LaTeX Info: Redefining \frac on input line 227.
\uproot@=\count269
\leftroot@=\count270
LaTeX Info: Redefining \overline on input line 389.
\classnum@=\count271
\DOTSCASE@=\count272
LaTeX Info: Redefining \ldots on input line 486.
LaTeX Info: Redefining \dots on input line 489.
LaTeX Info: Redefining \cdots on input line 610.
\Mathstrutbox@=\box58
\strutbox@=\box59
\big@size=\dimen261
LaTeX Font Info:    Redeclaring font encoding OML on input line 733.
LaTeX Font Info:    Redeclaring font encoding OMS on input line 734.
\macc@depth=\count273
\c@MaxMatrixCols=\count274
\dotsspace@=\muskip16
\c@parentequation=\count275
\dspbrk@lvl=\count276
\tag@help=\toks33
\row@=\count277
\column@=\count278
\maxfields@=\count279
\andhelp@=\toks34
\eqnshift@=\dimen262
\alignsep@=\dimen263
\tagshift@=\dimen264
\tagwidth@=\dimen265
\totwidth@=\dimen266
\lineht@=\dimen267
\@envbody=\toks35
\multlinegap=\skip51
\multlinetaggap=\skip52
\mathdisplay@stack=\toks36
LaTeX Info: Redefining \[ on input line 2859.
LaTeX Info: Redefining \] on input line 2860.
)
\c@thm=\count280

(/usr/share/texlive/texmf-dist/tex/latex/l3backend/l3backend-xdvipdfmx.def
File: l3backend-xdvipdfmx.def 2020-02-03 L3 backend support: xdvipdfmx
\g__graphics_track_int=\count281
\l__pdf_internal_box=\box60
\g__pdf_backend_object_int=\count282
\g__pdf_backend_annotation_int=\count283
)
(./b.aux)
\openout1 = `b.aux'.

LaTeX Font Info:    Checking defaults for OML/cmm/m/it on input line 22.
LaTeX Font Info:    ... okay on input line 22.
LaTeX Font Info:    Checking defaults for OMS/cmsy/m/n on input line 22.
LaTeX Font Info:    ... okay on input line 22.
LaTeX Font Info:    Checking defaults for OT1/cmr/m/n on input line 22.
LaTeX Font Info:    ... okay on input line 22.
LaTeX Font Info:    Checking defaults for T1/cmr/m/n on input line 22.
LaTeX Font Info:    ... okay on input line 22.
LaTeX Font Info:    Checking defaults for TS1/cmr/m/n on input line 22.
LaTeX Font Info:    Trying to load font information for TS1+cmr on input line 2
2.
 (/usr/share/texlive/texmf-dist/tex/latex/base/ts1cmr.fd
File: ts1cmr.fd 2019/12/16 v2.5j Standard LaTeX font definitions
)
LaTeX Font Info:    ... okay on input line 22.
LaTeX Font Info:    Checking defaults for TU/lmr/m/n on input line 22.
LaTeX Font Info:    ... okay on input line 22.
LaTeX Font Info:    Checking defaults for OMX/cmex/m/n on input line 22.
LaTeX Font Info:    ... okay on input line 22.
LaTeX Font Info:    Checking defaults for U/cmr/m/n on input line 22.
LaTeX Font Info:    ... okay on input line 22.
LaTeX Font Info:    Checking defaults for C00/song/m/n on input line 22.
LaTeX Font Info:    ... okay on input line 22.
LaTeX Font Info:    Checking defaults for C05/song/m/n on input line 22.
LaTeX Font Info:    ... okay on input line 22.
LaTeX Font Info:    Checking defaults for C09/song/m/n on input line 22.
LaTeX Font Info:    ... okay on input line 22.
LaTeX Font Info:    Checking defaults for C10/song/m/n on input line 22.
LaTeX Font Info:    ... okay on input line 22.
LaTeX Font Info:    Checking defaults for C20/song/m/n on input line 22.
LaTeX Font Info:    ... okay on input line 22.
LaTeX Font Info:    Checking defaults for C19/song/m/n on input line 22.
LaTeX Font Info:    ... okay on input line 22.
LaTeX Font Info:    Checking defaults for C40/song/m/n on input line 22.
LaTeX Font Info:    ... okay on input line 22.
LaTeX Font Info:    Checking defaults for C42/song/m/n on input line 22.
LaTeX Font Info:    ... okay on input line 22.
LaTeX Font Info:    Checking defaults for C43/song/m/n on input line 22.
LaTeX Font Info:    ... okay on input line 22.
LaTeX Font Info:    Checking defaults for C50/song/m/n on input line 22.
LaTeX Font Info:    ... okay on input line 22.
LaTeX Font Info:    Checking defaults for C52/song/m/n on input line 22.
LaTeX Font Info:    ... okay on input line 22.
LaTeX Font Info:    Checking defaults for C49/song/m/n on input line 22.
LaTeX Font Info:    ... okay on input line 22.
LaTeX Font Info:    Checking defaults for C60/mj/m/n on input line 22.
LaTeX Font Info:    ... okay on input line 22.
LaTeX Font Info:    Checking defaults for C61/mj/m/n on input line 22.
LaTeX Font Info:    ... okay on input line 22.
LaTeX Font Info:    Checking defaults for C63/mj/m/n on input line 22.
LaTeX Font Info:    ... okay on input line 22.
LaTeX Font Info:    Checking defaults for C64/mj/m/n on input line 22.
LaTeX Font Info:    ... okay on input line 22.
LaTeX Font Info:    Checking defaults for C65/mj/m/n on input line 22.
LaTeX Font Info:    ... okay on input line 22.
LaTeX Font Info:    Checking defaults for C70/song/m/n on input line 22.
LaTeX Font Info:    ... okay on input line 22.
LaTeX Font Info:    Checking defaults for C31/song/m/n on input line 22.
LaTeX Font Info:    ... okay on input line 22.
LaTeX Font Info:    Checking defaults for C32/song/m/n on input line 22.
LaTeX Font Info:    ... okay on input line 22.
LaTeX Font Info:    Checking defaults for C33/song/m/n on input line 22.
LaTeX Font Info:    ... okay on input line 22.
LaTeX Font Info:    Checking defaults for C34/song/m/n on input line 22.
LaTeX Font Info:    ... okay on input line 22.
LaTeX Font Info:    Checking defaults for C35/song/m/n on input line 22.
LaTeX Font Info:    ... okay on input line 22.
LaTeX Font Info:    Checking defaults for C36/song/m/n on input line 22.
LaTeX Font Info:    ... okay on input line 22.
LaTeX Font Info:    Checking defaults for C37/song/m/n on input line 22.
LaTeX Font Info:    ... okay on input line 22.
LaTeX Font Info:    Checking defaults for C80/song/m/n on input line 22.
LaTeX Font Info:    ... okay on input line 22.
LaTeX Font Info:    Checking defaults for C81/song/m/n on input line 22.
LaTeX Font Info:    ... okay on input line 22.
LaTeX Font Info:    Checking defaults for C01/song/m/n on input line 22.
LaTeX Font Info:    ... okay on input line 22.
LaTeX Font Info:    Checking defaults for C11/song/m/n on input line 22.
LaTeX Font Info:    ... okay on input line 22.
LaTeX Font Info:    Checking defaults for C21/song/m/n on input line 22.
LaTeX Font Info:    ... okay on input line 22.
LaTeX Font Info:    Checking defaults for C41/song/m/n on input line 22.
LaTeX Font Info:    ... okay on input line 22.
LaTeX Font Info:    Checking defaults for C62/song/m/n on input line 22.
LaTeX Font Info:    ... okay on input line 22.
Package caption Info: Begin \AtBeginDocument code.
Package caption Info: End \AtBeginDocument code.

ABD: EveryShipout initializing macros
*geometry* driver: auto-detecting
*geometry* detected driver: xetex
*geometry* verbose mode - [ preamble ] result:
* driver: xetex
* paper: a4paper
* layout: <same size as paper>
* layoutoffset:(h,v)=(0.0pt,0.0pt)
* modes: 
* h-part:(L,W,R)=(29.87721pt, 537.75343pt, 29.87723pt)
* v-part:(T,H,B)=(33.80392pt, 760.53699pt, 50.70593pt)
* \paperwidth=597.50787pt
* \paperheight=845.04684pt
* \textwidth=537.75343pt
* \textheight=760.53699pt
* \oddsidemargin=-42.39278pt
* \evensidemargin=-42.39278pt
* \topmargin=-75.46606pt
* \headheight=12.0pt
* \headsep=25.0pt
* \topskip=10.0pt
* \footskip=30.0pt
* \marginparwidth=65.0pt
* \marginparsep=11.0pt
* \columnsep=10.0pt
* \skip\footins=9.0pt plus 4.0pt minus 2.0pt
* \hoffset=0.0pt
* \voffset=0.0pt
* \mag=1000
* \@twocolumnfalse
* \@twosidefalse
* \@mparswitchfalse
* \@reversemarginfalse
* (1in=72.27pt=25.4mm, 1cm=28.453pt)

(/usr/share/texmf/tex/latex/CJK/UTF8/UTF8.bdg
File: UTF8.bdg 2015/04/18 4.8.4
)
(/usr/share/texmf/tex/latex/CJK/UTF8/UTF8.enc
File: UTF8.enc 2015/04/18 4.8.4
)
(/usr/share/texmf/tex/latex/CJK/UTF8/UTF8.chr
File: UTF8.chr 2015/04/18 4.8.4
)
LaTeX Font Info:    Trying to load font information for U+msa on input line 28.


(/usr/share/texlive/texmf-dist/tex/latex/amsfonts/umsa.fd
File: umsa.fd 2013/01/14 v3.01 AMS symbols A
)
LaTeX Font Info:    Trying to load font information for U+msb on input line 28.


(/usr/share/texlive/texmf-dist/tex/latex/amsfonts/umsb.fd
File: umsb.fd 2013/01/14 v3.01 AMS symbols B
) (./b.toc)
\tf@toc=\write4
\openout4 = `b.toc'.

 [1

]
Underfull \hbox (badness 10000) in paragraph at lines 80--90

 []


Underfull \hbox (badness 10000) in paragraph at lines 101--110

 []


Underfull \hbox (badness 10000) in paragraph at lines 112--114

 []


Underfull \hbox (badness 10000) in paragraph at lines 118--121

 []


Underfull \hbox (badness 10000) in paragraph at lines 125--136

 []


Underfull \hbox (badness 10000) in paragraph at lines 125--136

 []

[2]
Underfull \hbox (badness 10000) in paragraph at lines 344--345

 []

[3]
Overfull \hbox (30.13351pt too wide) in paragraph at lines 515--517
$\OML/cmm/m/it/10 std \OT1/cmr/m/n/10 :: \OML/cmm/m/it/10 vector < std \OT1/cmr
/m/n/10 :: \OML/cmm/m/it/10 vector < double >> FILTER[]nsigma\OT1/cmr/m/n/10 (\
OML/cmm/m/it/10 conststd \OT1/cmr/m/n/10 :: \OML/cmm/m/it/10 vector < std \OT1/
cmr/m/n/10 :: \OML/cmm/m/it/10 vector < double >> \OT1/cmr/m/n/10 &\OML/cmm/m/i
t/10 arg\OT1/cmr/m/n/10 1\OML/cmm/m/it/10 ; doublecutoff\OT1/cmr/m/n/10 );$ 
 []


Underfull \hbox (badness 10000) in paragraph at lines 515--517

 []


Overfull \hbox (28.92053pt too wide) in paragraph at lines 519--521
$\OML/cmm/m/it/10 std \OT1/cmr/m/n/10 :: \OML/cmm/m/it/10 vector < std \OT1/cmr
/m/n/10 :: \OML/cmm/m/it/10 vector < double >> FILTER[]rsigma\OT1/cmr/m/n/10 (\
OML/cmm/m/it/10 conststd \OT1/cmr/m/n/10 :: \OML/cmm/m/it/10 vector < std \OT1/
cmr/m/n/10 :: \OML/cmm/m/it/10 vector < double >> \OT1/cmr/m/n/10 &\OML/cmm/m/i
t/10 arg\OT1/cmr/m/n/10 1\OML/cmm/m/it/10 ; doublecutoff\OT1/cmr/m/n/10 );$ 
 []


Underfull \hbox (badness 10000) in paragraph at lines 519--521

 []


Underfull \hbox (badness 10000) in paragraph at lines 523--525

 []


Underfull \hbox (badness 10000) in paragraph at lines 527--529

 []


Underfull \hbox (badness 10000) in paragraph at lines 531--533

 []


Underfull \hbox (badness 10000) in paragraph at lines 535--537

 []


Underfull \hbox (badness 10000) in paragraph at lines 539--541

 []

[4]
Underfull \hbox (badness 10000) in paragraph at lines 542--544

 []

[5]
Overfull \hbox (10.74551pt too wide) in paragraph at lines 579--580
$\OML/cmm/m/it/10 std \OT1/cmr/m/n/10 :: \OML/cmm/m/it/10 vector < std \OT1/cmr
/m/n/10 :: \OML/cmm/m/it/10 vector < double >> FINAL[]weighted\OT1/cmr/m/n/10 (
\OML/cmm/m/it/10 conststd \OT1/cmr/m/n/10 :: \OML/cmm/m/it/10 vector < std \OT1
/cmr/m/n/10 :: \OML/cmm/m/it/10 vector < double >> \OT1/cmr/m/n/10 &\OML/cmm/m/
it/10 arg\OT1/cmr/m/n/10 1\OML/cmm/m/it/10 ; conststd \OT1/cmr/m/n/10 ::
 []


Underfull \hbox (badness 10000) in paragraph at lines 579--580

 []


Underfull \hbox (badness 10000) in paragraph at lines 581--582

 []


Underfull \hbox (badness 10000) in paragraph at lines 584--585

 []

[6]
Underfull \hbox (badness 10000) in paragraph at lines 610--611

 []


Underfull \hbox (badness 10000) in paragraph at lines 612--613

 []


Underfull \hbox (badness 10000) in paragraph at lines 614--615

 []


Underfull \hbox (badness 10000) in paragraph at lines 617--618

 []

[7]
Overfull \hbox (1.55048pt too wide) in paragraph at lines 637--639
$\OML/cmm/m/it/10 std \OT1/cmr/m/n/10 :: \OML/cmm/m/it/10 vector < std \OT1/cmr
/m/n/10 :: \OML/cmm/m/it/10 vector < double >> FINAL[]fmean\OT1/cmr/m/n/10 (\OM
L/cmm/m/it/10 conststd \OT1/cmr/m/n/10 :: \OML/cmm/m/it/10 vector < std \OT1/cm
r/m/n/10 :: \OML/cmm/m/it/10 vector < double >> \OT1/cmr/m/n/10 &\OML/cmm/m/it/
10 arg\OT1/cmr/m/n/10 1\OML/cmm/m/it/10 ; conststd \OT1/cmr/m/n/10 ::
 []

[8]
Overfull \hbox (1.812pt too wide) in paragraph at lines 650--652
$\OML/cmm/m/it/10 std \OT1/cmr/m/n/10 :: \OML/cmm/m/it/10 vector < std \OT1/cmr
/m/n/10 :: \OML/cmm/m/it/10 vector < double >> FINAL[]fdmax\OT1/cmr/m/n/10 (\OM
L/cmm/m/it/10 conststd \OT1/cmr/m/n/10 :: \OML/cmm/m/it/10 vector < std \OT1/cm
r/m/n/10 :: \OML/cmm/m/it/10 vector < double >> \OT1/cmr/m/n/10 &\OML/cmm/m/it/
10 arg\OT1/cmr/m/n/10 1\OML/cmm/m/it/10 ; conststd \OT1/cmr/m/n/10 ::
 []


Overfull \hbox (0.25832pt too wide) in paragraph at lines 653--655
$\OML/cmm/m/it/10 std \OT1/cmr/m/n/10 :: \OML/cmm/m/it/10 vector < std \OT1/cmr
/m/n/10 :: \OML/cmm/m/it/10 vector < double >> FINAL[]fdmin\OT1/cmr/m/n/10 (\OM
L/cmm/m/it/10 conststd \OT1/cmr/m/n/10 :: \OML/cmm/m/it/10 vector < std \OT1/cm
r/m/n/10 :: \OML/cmm/m/it/10 vector < double >> \OT1/cmr/m/n/10 &\OML/cmm/m/it/
10 arg\OT1/cmr/m/n/10 1\OML/cmm/m/it/10 ; conststd \OT1/cmr/m/n/10 ::
 []


Overfull \hbox (6.75534pt too wide) in paragraph at lines 657--659
$\OML/cmm/m/it/10 std \OT1/cmr/m/n/10 :: \OML/cmm/m/it/10 vector < std \OT1/cmr
/m/n/10 :: \OML/cmm/m/it/10 vector < double >> FINAL[]fdmean\OT1/cmr/m/n/10 (\O
ML/cmm/m/it/10 conststd \OT1/cmr/m/n/10 :: \OML/cmm/m/it/10 vector < std \OT1/c
mr/m/n/10 :: \OML/cmm/m/it/10 vector < double >> \OT1/cmr/m/n/10 &\OML/cmm/m/it
/10 arg\OT1/cmr/m/n/10 1\OML/cmm/m/it/10 ; conststd \OT1/cmr/m/n/10 ::
 []


Overfull \hbox (11.9602pt too wide) in paragraph at lines 661--663
$\OML/cmm/m/it/10 std \OT1/cmr/m/n/10 :: \OML/cmm/m/it/10 vector < std \OT1/cmr
/m/n/10 :: \OML/cmm/m/it/10 vector < double >> FINAL[]fddmean\OT1/cmr/m/n/10 (\
OML/cmm/m/it/10 conststd \OT1/cmr/m/n/10 :: \OML/cmm/m/it/10 vector < std \OT1/
cmr/m/n/10 :: \OML/cmm/m/it/10 vector < double >> \OT1/cmr/m/n/10 &\OML/cmm/m/i
t/10 arg\OT1/cmr/m/n/10 1\OML/cmm/m/it/10 ; conststd \OT1/cmr/m/n/10 ::
 []


Overfull \hbox (0.73904pt too wide) in paragraph at lines 667--669
$\OML/cmm/m/it/10 std \OT1/cmr/m/n/10 :: \OML/cmm/m/it/10 vector < std \OT1/cmr
/m/n/10 :: \OML/cmm/m/it/10 vector < double >> FINAL[]fddstd\OT1/cmr/m/n/10 (\O
ML/cmm/m/it/10 conststd \OT1/cmr/m/n/10 :: \OML/cmm/m/it/10 vector < std \OT1/c
mr/m/n/10 :: \OML/cmm/m/it/10 vector < double >> \OT1/cmr/m/n/10 &\OML/cmm/m/it
/10 arg\OT1/cmr/m/n/10 1\OML/cmm/m/it/10 ; conststd \OT1/cmr/m/n/10 ::
 []


Overfull \hbox (4.32356pt too wide) in paragraph at lines 670--672
$\OML/cmm/m/it/10 std \OT1/cmr/m/n/10 :: \OML/cmm/m/it/10 vector < std \OT1/cmr
/m/n/10 :: \OML/cmm/m/it/10 vector < double >> FINAL[]fdskew\OT1/cmr/m/n/10 (\O
ML/cmm/m/it/10 conststd \OT1/cmr/m/n/10 :: \OML/cmm/m/it/10 vector < std \OT1/c
mr/m/n/10 :: \OML/cmm/m/it/10 vector < double >> \OT1/cmr/m/n/10 &\OML/cmm/m/it
/10 arg\OT1/cmr/m/n/10 1\OML/cmm/m/it/10 ; conststd \OT1/cmr/m/n/10 ::
 []

[9]
Overfull \hbox (1.6766pt too wide) in paragraph at lines 673--674
$\OML/cmm/m/it/10 std \OT1/cmr/m/n/10 :: \OML/cmm/m/it/10 vector < std \OT1/cmr
/m/n/10 :: \OML/cmm/m/it/10 vector < double >> FINAL[]fdkurt\OT1/cmr/m/n/10 (\O
ML/cmm/m/it/10 conststd \OT1/cmr/m/n/10 :: \OML/cmm/m/it/10 vector < std \OT1/c
mr/m/n/10 :: \OML/cmm/m/it/10 vector < double >> \OT1/cmr/m/n/10 &\OML/cmm/m/it
/10 arg\OT1/cmr/m/n/10 1\OML/cmm/m/it/10 ; conststd \OT1/cmr/m/n/10 ::
 []


Underfull \hbox (badness 10000) in paragraph at lines 673--674

 []


Overfull \hbox (15.02365pt too wide) in paragraph at lines 694--696
$\OML/cmm/m/it/10 std \OT1/cmr/m/n/10 :: \OML/cmm/m/it/10 vector < std \OT1/cmr
/m/n/10 :: \OML/cmm/m/it/10 vector < double >> FINAL[]hermite\OT1/cmr/m/n/10 (\
OML/cmm/m/it/10 conststd \OT1/cmr/m/n/10 :: \OML/cmm/m/it/10 vector < std \OT1/
cmr/m/n/10 :: \OML/cmm/m/it/10 vector < double >> \OT1/cmr/m/n/10 &\OML/cmm/m/i
t/10 arg\OT1/cmr/m/n/10 1\OML/cmm/m/it/10 ; intn; intkp\OT1/cmr/m/n/10 );$ 
 []


Overfull \hbox (17.53456pt too wide) in paragraph at lines 697--699
$\OML/cmm/m/it/10 std \OT1/cmr/m/n/10 :: \OML/cmm/m/it/10 vector < std \OT1/cmr
/m/n/10 :: \OML/cmm/m/it/10 vector < double >> FINAL[]laguerre\OT1/cmr/m/n/10 (
\OML/cmm/m/it/10 conststd \OT1/cmr/m/n/10 :: \OML/cmm/m/it/10 vector < std \OT1
/cmr/m/n/10 :: \OML/cmm/m/it/10 vector < double >> \OT1/cmr/m/n/10 &\OML/cmm/m/
it/10 arg\OT1/cmr/m/n/10 1\OML/cmm/m/it/10 ; intn; intkp\OT1/cmr/m/n/10 );$ 
 []

[10] [11]
Overfull \hbox (24.91312pt too wide) in paragraph at lines 748--750
$\OML/cmm/m/it/10 std \OT1/cmr/m/n/10 :: \OML/cmm/m/it/10 vector < std \OT1/cmr
/m/n/10 :: \OML/cmm/m/it/10 vector < double >> ADJ[]svdenergy\OT1/cmr/m/n/10 (\
OML/cmm/m/it/10 conststd \OT1/cmr/m/n/10 :: \OML/cmm/m/it/10 vector < std \OT1/
cmr/m/n/10 :: \OML/cmm/m/it/10 vector < double >> \OT1/cmr/m/n/10 &\OML/cmm/m/i
t/10 arg\OT1/cmr/m/n/10 1\OML/cmm/m/it/10 ; doublepercent\OT1/cmr/m/n/10 );$ 
 []


Overfull \hbox (21.48111pt too wide) in paragraph at lines 758--760
$\OML/cmm/m/it/10 std \OT1/cmr/m/n/10 :: \OML/cmm/m/it/10 vector < std \OT1/cmr
/m/n/10 :: \OML/cmm/m/it/10 vector < double >> ADJ[]fftresidual\OT1/cmr/m/n/10 
(\OML/cmm/m/it/10 conststd \OT1/cmr/m/n/10 :: \OML/cmm/m/it/10 vector < std \OT
1/cmr/m/n/10 :: \OML/cmm/m/it/10 vector < double >> \OT1/cmr/m/n/10 &\OML/cmm/m
/it/10 arg\OT1/cmr/m/n/10 1\OML/cmm/m/it/10 ; intbd; intkp\OT1/cmr/m/n/10 );$ 
 []

[12]
Overfull \hbox (25.70427pt too wide) in paragraph at lines 773--775
$\OML/cmm/m/it/10 std \OT1/cmr/m/n/10 :: \OML/cmm/m/it/10 vector < std \OT1/cmr
/m/n/10 :: \OML/cmm/m/it/10 vector < double >> ADJ[]dsmooth\OT1/cmr/m/n/10 (\OM
L/cmm/m/it/10 conststd \OT1/cmr/m/n/10 :: \OML/cmm/m/it/10 vector < std \OT1/cm
r/m/n/10 :: \OML/cmm/m/it/10 vector < double >> \OT1/cmr/m/n/10 &\OML/cmm/m/it/
10 arg\OT1/cmr/m/n/10 1\OML/cmm/m/it/10 ; intkp; doublecut\OT1/cmr/m/n/10 );$ 
 []


Overfull \hbox (19.4207pt too wide) in paragraph at lines 776--778
$\OML/cmm/m/it/10 std \OT1/cmr/m/n/10 :: \OML/cmm/m/it/10 vector < std \OT1/cmr
/m/n/10 :: \OML/cmm/m/it/10 vector < double >> ADJ[]drough\OT1/cmr/m/n/10 (\OML
/cmm/m/it/10 conststd \OT1/cmr/m/n/10 :: \OML/cmm/m/it/10 vector < std \OT1/cmr
/m/n/10 :: \OML/cmm/m/it/10 vector < double >> \OT1/cmr/m/n/10 &\OML/cmm/m/it/1
0 arg\OT1/cmr/m/n/10 1\OML/cmm/m/it/10 ; intkp; doublecut\OT1/cmr/m/n/10 );$ 
 []


Overfull \hbox (2.37894pt too wide) in paragraph at lines 784--786
$\OML/cmm/m/it/10 std \OT1/cmr/m/n/10 :: \OML/cmm/m/it/10 vector < std \OT1/cmr
/m/n/10 :: \OML/cmm/m/it/10 vector < double >> ADJ[]intercepty\OT1/cmr/m/n/10 (
\OML/cmm/m/it/10 conststd \OT1/cmr/m/n/10 :: \OML/cmm/m/it/10 vector < std \OT1
/cmr/m/n/10 :: \OML/cmm/m/it/10 vector < double >> \OT1/cmr/m/n/10 &\OML/cmm/m/
it/10 arg\OT1/cmr/m/n/10 1\OML/cmm/m/it/10 ; conststd \OT1/cmr/m/n/10 ::
 []


Overfull \hbox (9.01207pt too wide) in paragraph at lines 790--792
$\OML/cmm/m/it/10 std \OT1/cmr/m/n/10 :: \OML/cmm/m/it/10 vector < std \OT1/cmr
/m/n/10 :: \OML/cmm/m/it/10 vector < double >> ADJ[]residualr\OT1/cmr/m/n/10 2\
OML/cmm/m/it/10 y\OT1/cmr/m/n/10 (\OML/cmm/m/it/10 conststd \OT1/cmr/m/n/10 :: 
\OML/cmm/m/it/10 vector < std \OT1/cmr/m/n/10 :: \OML/cmm/m/it/10 vector < doub
le >> \OT1/cmr/m/n/10 &\OML/cmm/m/it/10 arg\OT1/cmr/m/n/10 1\OML/cmm/m/it/10 ; 
conststd \OT1/cmr/m/n/10 ::
 []


Overfull \hbox (25.10257pt too wide) in paragraph at lines 801--803
$\OML/cmm/m/it/10 std \OT1/cmr/m/n/10 :: \OML/cmm/m/it/10 vector < std \OT1/cmr
/m/n/10 :: \OML/cmm/m/it/10 vector < double >> ADJ[]creategroup\OT1/cmr/m/n/10 
(\OML/cmm/m/it/10 conststd \OT1/cmr/m/n/10 :: \OML/cmm/m/it/10 vector < std \OT
1/cmr/m/n/10 :: \OML/cmm/m/it/10 vector < double >> \OT1/cmr/m/n/10 &\OML/cmm/m
/it/10 arg\OT1/cmr/m/n/10 1\OML/cmm/m/it/10 ; intbd; intdiv\OT1/cmr/m/n/10 );$ 

 []

[13]
Overfull \hbox (5.60812pt too wide) in paragraph at lines 823--825
$\OML/cmm/m/it/10 std \OT1/cmr/m/n/10 :: \OML/cmm/m/it/10 vector < std \OT1/cmr
/m/n/10 :: \OML/cmm/m/it/10 vector < double >> ADJ[]residualall\OT1/cmr/m/n/10 
(\OML/cmm/m/it/10 conststd \OT1/cmr/m/n/10 :: \OML/cmm/m/it/10 vector < std \OT
1/cmr/m/n/10 :: \OML/cmm/m/it/10 vector < double >> \OT1/cmr/m/n/10 &\OML/cmm/m
/it/10 arg\OT1/cmr/m/n/10 1\OML/cmm/m/it/10 ; conststd \OT1/cmr/m/n/10 ::
 []


Overfull \hbox (10.43103pt too wide) in paragraph at lines 826--828
$\OML/cmm/m/it/10 std \OT1/cmr/m/n/10 :: \OML/cmm/m/it/10 vector < std \OT1/cmr
/m/n/10 :: \OML/cmm/m/it/10 vector < double >> ADJ[]residualqall\OT1/cmr/m/n/10
 (\OML/cmm/m/it/10 conststd \OT1/cmr/m/n/10 :: \OML/cmm/m/it/10 vector < std \O
T1/cmr/m/n/10 :: \OML/cmm/m/it/10 vector < double >> \OT1/cmr/m/n/10 &\OML/cmm/
m/it/10 arg\OT1/cmr/m/n/10 1\OML/cmm/m/it/10 ; conststd \OT1/cmr/m/n/10 ::
 []


Overfull \hbox (4.31342pt too wide) in paragraph at lines 834--836
$\OML/cmm/m/it/10 std \OT1/cmr/m/n/10 :: \OML/cmm/m/it/10 vector < std \OT1/cmr
/m/n/10 :: \OML/cmm/m/it/10 vector < double >> ADJ[]sortcurves\OT1/cmr/m/n/10 (
\OML/cmm/m/it/10 conststd \OT1/cmr/m/n/10 :: \OML/cmm/m/it/10 vector < std \OT1
/cmr/m/n/10 :: \OML/cmm/m/it/10 vector < double >> \OT1/cmr/m/n/10 &\OML/cmm/m/
it/10 arg\OT1/cmr/m/n/10 1\OML/cmm/m/it/10 ; conststd \OT1/cmr/m/n/10 ::
 []

[14] [15] (./b.aux) ) 
Here is how much of TeX's memory you used:
 15097 strings out of 479819
 287814 string characters out of 5895847
 527165 words of memory out of 5000000
 31928 multiletter control sequences out of 15000+600000
 538786 words of font info for 63 fonts, out of 8000000 for 9000
 1348 hyphenation exceptions out of 8191
 60i,11n,60p,547b,971s stack positions out of 5000i,500n,10000p,200000b,80000s

Output written on b.pdf (15 pages).
